<?xml version="1.0" encoding="UTF-8"?>
<testsuite xmlns:xsi="http://www.w3.org/2001/XMLSchema-instance" xsi:noNamespaceSchemaLocation="https://maven.apache.org/surefire/maven-surefire-plugin/xsd/surefire-test-report-3.0.xsd" version="3.0" name="Web table user order feature" time="174.432" tests="13" errors="0" skipped="0" failures="0">
  <properties>
    <property name="sun.desktop" value="windows"/>
    <property name="awt.toolkit" value="sun.awt.windows.WToolkit"/>
    <property name="java.specification.version" value="11"/>
    <property name="webdriver.chrome.driver" value="C:\Users\Mali\.cache\selenium\chromedriver\win32\106.0.5249.61\chromedriver.exe"/>
    <property name="sun.cpu.isalist" value="amd64"/>
    <property name="sun.jnu.encoding" value="Cp1252"/>
    <property name="java.class.path" value="C:\Users\Mali\IdeaProjects\cucumber-junit-project\target\test-classes;C:\Users\Mali\IdeaProjects\cucumber-junit-project\target\classes;C:\Users\Mali\.m2\repository\org\seleniumhq\selenium\selenium-java\3.141.59\selenium-java-3.141.59.jar;C:\Users\Mali\.m2\repository\org\seleniumhq\selenium\selenium-api\3.141.59\selenium-api-3.141.59.jar;C:\Users\Mali\.m2\repository\org\seleniumhq\selenium\selenium-chrome-driver\3.141.59\selenium-chrome-driver-3.141.59.jar;C:\Users\Mali\.m2\repository\org\seleniumhq\selenium\selenium-edge-driver\3.141.59\selenium-edge-driver-3.141.59.jar;C:\Users\Mali\.m2\repository\org\seleniumhq\selenium\selenium-firefox-driver\3.141.59\selenium-firefox-driver-3.141.59.jar;C:\Users\Mali\.m2\repository\org\seleniumhq\selenium\selenium-ie-driver\3.141.59\selenium-ie-driver-3.141.59.jar;C:\Users\Mali\.m2\repository\org\seleniumhq\selenium\selenium-opera-driver\3.141.59\selenium-opera-driver-3.141.59.jar;C:\Users\Mali\.m2\repository\org\seleniumhq\selenium\selenium-remote-driver\3.141.59\selenium-remote-driver-3.141.59.jar;C:\Users\Mali\.m2\repository\org\seleniumhq\selenium\selenium-safari-driver\3.141.59\selenium-safari-driver-3.141.59.jar;C:\Users\Mali\.m2\repository\org\seleniumhq\selenium\selenium-support\3.141.59\selenium-support-3.141.59.jar;C:\Users\Mali\.m2\repository\net\bytebuddy\byte-buddy\1.8.15\byte-buddy-1.8.15.jar;C:\Users\Mali\.m2\repository\org\apache\commons\commons-exec\1.3\commons-exec-1.3.jar;C:\Users\Mali\.m2\repository\com\google\guava\guava\25.0-jre\guava-25.0-jre.jar;C:\Users\Mali\.m2\repository\com\google\code\findbugs\jsr305\1.3.9\jsr305-1.3.9.jar;C:\Users\Mali\.m2\repository\org\checkerframework\checker-compat-qual\2.0.0\checker-compat-qual-2.0.0.jar;C:\Users\Mali\.m2\repository\com\google\errorprone\error_prone_annotations\2.1.3\error_prone_annotations-2.1.3.jar;C:\Users\Mali\.m2\repository\com\google\j2objc\j2objc-annotations\1.1\j2objc-annotations-1.1.jar;C:\Users\Mali\.m2\repository\org\codehaus\mojo\animal-sniffer-annotations\1.14\animal-sniffer-annotations-1.14.jar;C:\Users\Mali\.m2\repository\com\squareup\okhttp3\okhttp\3.11.0\okhttp-3.11.0.jar;C:\Users\Mali\.m2\repository\com\squareup\okio\okio\1.14.0\okio-1.14.0.jar;C:\Users\Mali\.m2\repository\io\github\bonigarcia\webdrivermanager\5.3.0\webdrivermanager-5.3.0.jar;C:\Users\Mali\.m2\repository\org\slf4j\slf4j-api\1.7.36\slf4j-api-1.7.36.jar;C:\Users\Mali\.m2\repository\com\google\code\gson\gson\2.9.1\gson-2.9.1.jar;C:\Users\Mali\.m2\repository\com\github\docker-java\docker-java\3.2.13\docker-java-3.2.13.jar;C:\Users\Mali\.m2\repository\com\github\docker-java\docker-java-core\3.2.13\docker-java-core-3.2.13.jar;C:\Users\Mali\.m2\repository\com\github\docker-java\docker-java-api\3.2.13\docker-java-api-3.2.13.jar;C:\Users\Mali\.m2\repository\org\bouncycastle\bcpkix-jdk15on\1.64\bcpkix-jdk15on-1.64.jar;C:\Users\Mali\.m2\repository\org\bouncycastle\bcprov-jdk15on\1.64\bcprov-jdk15on-1.64.jar;C:\Users\Mali\.m2\repository\org\slf4j\jcl-over-slf4j\1.7.30\jcl-over-slf4j-1.7.30.jar;C:\Users\Mali\.m2\repository\com\github\docker-java\docker-java-transport-httpclient5\3.2.13\docker-java-transport-httpclient5-3.2.13.jar;C:\Users\Mali\.m2\repository\com\github\docker-java\docker-java-transport\3.2.13\docker-java-transport-3.2.13.jar;C:\Users\Mali\.m2\repository\net\java\dev\jna\jna\5.8.0\jna-5.8.0.jar;C:\Users\Mali\.m2\repository\org\brotli\dec\0.1.2\dec-0.1.2.jar;C:\Users\Mali\.m2\repository\org\apache\commons\commons-lang3\3.12.0\commons-lang3-3.12.0.jar;C:\Users\Mali\.m2\repository\org\apache\httpcomponents\client5\httpclient5\5.1.3\httpclient5-5.1.3.jar;C:\Users\Mali\.m2\repository\org\apache\httpcomponents\core5\httpcore5\5.1.3\httpcore5-5.1.3.jar;C:\Users\Mali\.m2\repository\org\apache\httpcomponents\core5\httpcore5-h2\5.1.3\httpcore5-h2-5.1.3.jar;C:\Users\Mali\.m2\repository\commons-codec\commons-codec\1.15\commons-codec-1.15.jar;C:\Users\Mali\.m2\repository\com\github\javafaker\javafaker\1.0.2\javafaker-1.0.2.jar;C:\Users\Mali\.m2\repository\org\yaml\snakeyaml\1.23\snakeyaml-1.23-android.jar;C:\Users\Mali\.m2\repository\com\github\mifmif\generex\1.0.2\generex-1.0.2.jar;C:\Users\Mali\.m2\repository\dk\brics\automaton\automaton\1.11-8\automaton-1.11-8.jar;C:\Users\Mali\.m2\repository\io\cucumber\cucumber-java\7.3.2\cucumber-java-7.3.2.jar;C:\Users\Mali\.m2\repository\io\cucumber\cucumber-core\7.3.2\cucumber-core-7.3.2.jar;C:\Users\Mali\.m2\repository\io\cucumber\cucumber-gherkin\7.3.2\cucumber-gherkin-7.3.2.jar;C:\Users\Mali\.m2\repository\io\cucumber\cucumber-gherkin-messages\7.3.2\cucumber-gherkin-messages-7.3.2.jar;C:\Users\Mali\.m2\repository\io\cucumber\messages\18.0.0\messages-18.0.0.jar;C:\Users\Mali\.m2\repository\io\cucumber\tag-expressions\4.1.0\tag-expressions-4.1.0.jar;C:\Users\Mali\.m2\repository\io\cucumber\cucumber-expressions\15.1.1\cucumber-expressions-15.1.1.jar;C:\Users\Mali\.m2\repository\io\cucumber\datatable\7.3.2\datatable-7.3.2.jar;C:\Users\Mali\.m2\repository\io\cucumber\cucumber-plugin\7.3.2\cucumber-plugin-7.3.2.jar;C:\Users\Mali\.m2\repository\io\cucumber\docstring\7.3.2\docstring-7.3.2.jar;C:\Users\Mali\.m2\repository\io\cucumber\html-formatter\19.1.0\html-formatter-19.1.0.jar;C:\Users\Mali\.m2\repository\io\cucumber\ci-environment\9.0.4\ci-environment-9.0.4.jar;C:\Users\Mali\.m2\repository\org\apiguardian\apiguardian-api\1.1.2\apiguardian-api-1.1.2.jar;C:\Users\Mali\.m2\repository\io\cucumber\cucumber-junit\7.3.2\cucumber-junit-7.3.2.jar;C:\Users\Mali\.m2\repository\junit\junit\4.13.2\junit-4.13.2.jar;C:\Users\Mali\.m2\repository\org\hamcrest\hamcrest-core\1.3\hamcrest-core-1.3.jar;C:\Users\Mali\.m2\repository\org\apache\poi\poi-ooxml\5.2.2\poi-ooxml-5.2.2.jar;C:\Users\Mali\.m2\repository\org\apache\poi\poi\5.2.2\poi-5.2.2.jar;C:\Users\Mali\.m2\repository\org\apache\commons\commons-math3\3.6.1\commons-math3-3.6.1.jar;C:\Users\Mali\.m2\repository\com\zaxxer\SparseBitSet\1.2\SparseBitSet-1.2.jar;C:\Users\Mali\.m2\repository\org\apache\poi\poi-ooxml-lite\5.2.2\poi-ooxml-lite-5.2.2.jar;C:\Users\Mali\.m2\repository\org\apache\xmlbeans\xmlbeans\5.0.3\xmlbeans-5.0.3.jar;C:\Users\Mali\.m2\repository\org\apache\commons\commons-compress\1.21\commons-compress-1.21.jar;C:\Users\Mali\.m2\repository\commons-io\commons-io\2.11.0\commons-io-2.11.0.jar;C:\Users\Mali\.m2\repository\com\github\virtuald\curvesapi\1.07\curvesapi-1.07.jar;C:\Users\Mali\.m2\repository\org\apache\logging\log4j\log4j-api\2.17.2\log4j-api-2.17.2.jar;C:\Users\Mali\.m2\repository\org\apache\commons\commons-collections4\4.4\commons-collections4-4.4.jar;C:\Users\Mali\.m2\repository\me\jvt\cucumber\reporting-plugin\7.3.0\reporting-plugin-7.3.0.jar;C:\Users\Mali\.m2\repository\io\cucumber\gherkin\23.0.1\gherkin-23.0.1.jar;C:\Users\Mali\.m2\repository\net\masterthought\cucumber-reporting\5.7.0\cucumber-reporting-5.7.0.jar;C:\Users\Mali\.m2\repository\com\fasterxml\jackson\core\jackson-databind\2.13.0\jackson-databind-2.13.0.jar;C:\Users\Mali\.m2\repository\com\fasterxml\jackson\core\jackson-annotations\2.13.0\jackson-annotations-2.13.0.jar;C:\Users\Mali\.m2\repository\com\fasterxml\jackson\core\jackson-core\2.13.0\jackson-core-2.13.0.jar;C:\Users\Mali\.m2\repository\com\fasterxml\jackson\datatype\jackson-datatype-jsr310\2.13.0\jackson-datatype-jsr310-2.13.0.jar;C:\Users\Mali\.m2\repository\org\apache\velocity\velocity-engine-core\2.3\velocity-engine-core-2.3.jar;C:\Users\Mali\.m2\repository\commons-collections\commons-collections\3.2.2\commons-collections-3.2.2.jar;C:\Users\Mali\.m2\repository\joda-time\joda-time\2.10.10\joda-time-2.10.10.jar;C:\Users\Mali\.m2\repository\org\codehaus\plexus\plexus-utils\3.3.0\plexus-utils-3.3.0.jar;C:\Users\Mali\.m2\repository\org\jsoup\jsoup\1.14.2\jsoup-1.14.2.jar;C:\Users\Mali\.m2\repository\com\googlecode\owasp-java-html-sanitizer\owasp-java-html-sanitizer\20211018.2\owasp-java-html-sanitizer-20211018.2.jar;C:\Users\Mali\.m2\repository\commons-configuration\commons-configuration\1.10\commons-configuration-1.10.jar;C:\Users\Mali\.m2\repository\commons-lang\commons-lang\2.6\commons-lang-2.6.jar;C:\Users\Mali\.m2\repository\commons-logging\commons-logging\1.1.1\commons-logging-1.1.1.jar;"/>
    <property name="java.vm.vendor" value="Oracle Corporation"/>
    <property name="sun.arch.data.model" value="64"/>
    <property name="user.variant" value=""/>
    <property name="java.vendor.url" value="https://openjdk.java.net/"/>
    <property name="user.timezone" value="America/Chicago"/>
    <property name="java.vm.specification.version" value="11"/>
    <property name="os.name" value="Windows 10"/>
    <property name="sun.java.launcher" value="SUN_STANDARD"/>
    <property name="user.country" value="US"/>
    <property name="sun.boot.library.path" value="C:\Program Files\Java\jdk-11.0.12\bin"/>
    <property name="sun.java.command" value="C:\Users\Mali\AppData\Local\Temp\surefire1532950745078049401\surefirebooter11176982441575104145.jar C:\Users\Mali\AppData\Local\Temp\surefire1532950745078049401 2022-11-04T05-13-14_775-jvmRun1 surefire10866058347364307946tmp surefire_04604750458033916254tmp"/>
    <property name="jdk.debug" value="release"/>
    <property name="surefire.test.class.path" value="C:\Users\Mali\IdeaProjects\cucumber-junit-project\target\test-classes;C:\Users\Mali\IdeaProjects\cucumber-junit-project\target\classes;C:\Users\Mali\.m2\repository\org\seleniumhq\selenium\selenium-java\3.141.59\selenium-java-3.141.59.jar;C:\Users\Mali\.m2\repository\org\seleniumhq\selenium\selenium-api\3.141.59\selenium-api-3.141.59.jar;C:\Users\Mali\.m2\repository\org\seleniumhq\selenium\selenium-chrome-driver\3.141.59\selenium-chrome-driver-3.141.59.jar;C:\Users\Mali\.m2\repository\org\seleniumhq\selenium\selenium-edge-driver\3.141.59\selenium-edge-driver-3.141.59.jar;C:\Users\Mali\.m2\repository\org\seleniumhq\selenium\selenium-firefox-driver\3.141.59\selenium-firefox-driver-3.141.59.jar;C:\Users\Mali\.m2\repository\org\seleniumhq\selenium\selenium-ie-driver\3.141.59\selenium-ie-driver-3.141.59.jar;C:\Users\Mali\.m2\repository\org\seleniumhq\selenium\selenium-opera-driver\3.141.59\selenium-opera-driver-3.141.59.jar;C:\Users\Mali\.m2\repository\org\seleniumhq\selenium\selenium-remote-driver\3.141.59\selenium-remote-driver-3.141.59.jar;C:\Users\Mali\.m2\repository\org\seleniumhq\selenium\selenium-safari-driver\3.141.59\selenium-safari-driver-3.141.59.jar;C:\Users\Mali\.m2\repository\org\seleniumhq\selenium\selenium-support\3.141.59\selenium-support-3.141.59.jar;C:\Users\Mali\.m2\repository\net\bytebuddy\byte-buddy\1.8.15\byte-buddy-1.8.15.jar;C:\Users\Mali\.m2\repository\org\apache\commons\commons-exec\1.3\commons-exec-1.3.jar;C:\Users\Mali\.m2\repository\com\google\guava\guava\25.0-jre\guava-25.0-jre.jar;C:\Users\Mali\.m2\repository\com\google\code\findbugs\jsr305\1.3.9\jsr305-1.3.9.jar;C:\Users\Mali\.m2\repository\org\checkerframework\checker-compat-qual\2.0.0\checker-compat-qual-2.0.0.jar;C:\Users\Mali\.m2\repository\com\google\errorprone\error_prone_annotations\2.1.3\error_prone_annotations-2.1.3.jar;C:\Users\Mali\.m2\repository\com\google\j2objc\j2objc-annotations\1.1\j2objc-annotations-1.1.jar;C:\Users\Mali\.m2\repository\org\codehaus\mojo\animal-sniffer-annotations\1.14\animal-sniffer-annotations-1.14.jar;C:\Users\Mali\.m2\repository\com\squareup\okhttp3\okhttp\3.11.0\okhttp-3.11.0.jar;C:\Users\Mali\.m2\repository\com\squareup\okio\okio\1.14.0\okio-1.14.0.jar;C:\Users\Mali\.m2\repository\io\github\bonigarcia\webdrivermanager\5.3.0\webdrivermanager-5.3.0.jar;C:\Users\Mali\.m2\repository\org\slf4j\slf4j-api\1.7.36\slf4j-api-1.7.36.jar;C:\Users\Mali\.m2\repository\com\google\code\gson\gson\2.9.1\gson-2.9.1.jar;C:\Users\Mali\.m2\repository\com\github\docker-java\docker-java\3.2.13\docker-java-3.2.13.jar;C:\Users\Mali\.m2\repository\com\github\docker-java\docker-java-core\3.2.13\docker-java-core-3.2.13.jar;C:\Users\Mali\.m2\repository\com\github\docker-java\docker-java-api\3.2.13\docker-java-api-3.2.13.jar;C:\Users\Mali\.m2\repository\org\bouncycastle\bcpkix-jdk15on\1.64\bcpkix-jdk15on-1.64.jar;C:\Users\Mali\.m2\repository\org\bouncycastle\bcprov-jdk15on\1.64\bcprov-jdk15on-1.64.jar;C:\Users\Mali\.m2\repository\org\slf4j\jcl-over-slf4j\1.7.30\jcl-over-slf4j-1.7.30.jar;C:\Users\Mali\.m2\repository\com\github\docker-java\docker-java-transport-httpclient5\3.2.13\docker-java-transport-httpclient5-3.2.13.jar;C:\Users\Mali\.m2\repository\com\github\docker-java\docker-java-transport\3.2.13\docker-java-transport-3.2.13.jar;C:\Users\Mali\.m2\repository\net\java\dev\jna\jna\5.8.0\jna-5.8.0.jar;C:\Users\Mali\.m2\repository\org\brotli\dec\0.1.2\dec-0.1.2.jar;C:\Users\Mali\.m2\repository\org\apache\commons\commons-lang3\3.12.0\commons-lang3-3.12.0.jar;C:\Users\Mali\.m2\repository\org\apache\httpcomponents\client5\httpclient5\5.1.3\httpclient5-5.1.3.jar;C:\Users\Mali\.m2\repository\org\apache\httpcomponents\core5\httpcore5\5.1.3\httpcore5-5.1.3.jar;C:\Users\Mali\.m2\repository\org\apache\httpcomponents\core5\httpcore5-h2\5.1.3\httpcore5-h2-5.1.3.jar;C:\Users\Mali\.m2\repository\commons-codec\commons-codec\1.15\commons-codec-1.15.jar;C:\Users\Mali\.m2\repository\com\github\javafaker\javafaker\1.0.2\javafaker-1.0.2.jar;C:\Users\Mali\.m2\repository\org\yaml\snakeyaml\1.23\snakeyaml-1.23-android.jar;C:\Users\Mali\.m2\repository\com\github\mifmif\generex\1.0.2\generex-1.0.2.jar;C:\Users\Mali\.m2\repository\dk\brics\automaton\automaton\1.11-8\automaton-1.11-8.jar;C:\Users\Mali\.m2\repository\io\cucumber\cucumber-java\7.3.2\cucumber-java-7.3.2.jar;C:\Users\Mali\.m2\repository\io\cucumber\cucumber-core\7.3.2\cucumber-core-7.3.2.jar;C:\Users\Mali\.m2\repository\io\cucumber\cucumber-gherkin\7.3.2\cucumber-gherkin-7.3.2.jar;C:\Users\Mali\.m2\repository\io\cucumber\cucumber-gherkin-messages\7.3.2\cucumber-gherkin-messages-7.3.2.jar;C:\Users\Mali\.m2\repository\io\cucumber\messages\18.0.0\messages-18.0.0.jar;C:\Users\Mali\.m2\repository\io\cucumber\tag-expressions\4.1.0\tag-expressions-4.1.0.jar;C:\Users\Mali\.m2\repository\io\cucumber\cucumber-expressions\15.1.1\cucumber-expressions-15.1.1.jar;C:\Users\Mali\.m2\repository\io\cucumber\datatable\7.3.2\datatable-7.3.2.jar;C:\Users\Mali\.m2\repository\io\cucumber\cucumber-plugin\7.3.2\cucumber-plugin-7.3.2.jar;C:\Users\Mali\.m2\repository\io\cucumber\docstring\7.3.2\docstring-7.3.2.jar;C:\Users\Mali\.m2\repository\io\cucumber\html-formatter\19.1.0\html-formatter-19.1.0.jar;C:\Users\Mali\.m2\repository\io\cucumber\ci-environment\9.0.4\ci-environment-9.0.4.jar;C:\Users\Mali\.m2\repository\org\apiguardian\apiguardian-api\1.1.2\apiguardian-api-1.1.2.jar;C:\Users\Mali\.m2\repository\io\cucumber\cucumber-junit\7.3.2\cucumber-junit-7.3.2.jar;C:\Users\Mali\.m2\repository\junit\junit\4.13.2\junit-4.13.2.jar;C:\Users\Mali\.m2\repository\org\hamcrest\hamcrest-core\1.3\hamcrest-core-1.3.jar;C:\Users\Mali\.m2\repository\org\apache\poi\poi-ooxml\5.2.2\poi-ooxml-5.2.2.jar;C:\Users\Mali\.m2\repository\org\apache\poi\poi\5.2.2\poi-5.2.2.jar;C:\Users\Mali\.m2\repository\org\apache\commons\commons-math3\3.6.1\commons-math3-3.6.1.jar;C:\Users\Mali\.m2\repository\com\zaxxer\SparseBitSet\1.2\SparseBitSet-1.2.jar;C:\Users\Mali\.m2\repository\org\apache\poi\poi-ooxml-lite\5.2.2\poi-ooxml-lite-5.2.2.jar;C:\Users\Mali\.m2\repository\org\apache\xmlbeans\xmlbeans\5.0.3\xmlbeans-5.0.3.jar;C:\Users\Mali\.m2\repository\org\apache\commons\commons-compress\1.21\commons-compress-1.21.jar;C:\Users\Mali\.m2\repository\commons-io\commons-io\2.11.0\commons-io-2.11.0.jar;C:\Users\Mali\.m2\repository\com\github\virtuald\curvesapi\1.07\curvesapi-1.07.jar;C:\Users\Mali\.m2\repository\org\apache\logging\log4j\log4j-api\2.17.2\log4j-api-2.17.2.jar;C:\Users\Mali\.m2\repository\org\apache\commons\commons-collections4\4.4\commons-collections4-4.4.jar;C:\Users\Mali\.m2\repository\me\jvt\cucumber\reporting-plugin\7.3.0\reporting-plugin-7.3.0.jar;C:\Users\Mali\.m2\repository\io\cucumber\gherkin\23.0.1\gherkin-23.0.1.jar;C:\Users\Mali\.m2\repository\net\masterthought\cucumber-reporting\5.7.0\cucumber-reporting-5.7.0.jar;C:\Users\Mali\.m2\repository\com\fasterxml\jackson\core\jackson-databind\2.13.0\jackson-databind-2.13.0.jar;C:\Users\Mali\.m2\repository\com\fasterxml\jackson\core\jackson-annotations\2.13.0\jackson-annotations-2.13.0.jar;C:\Users\Mali\.m2\repository\com\fasterxml\jackson\core\jackson-core\2.13.0\jackson-core-2.13.0.jar;C:\Users\Mali\.m2\repository\com\fasterxml\jackson\datatype\jackson-datatype-jsr310\2.13.0\jackson-datatype-jsr310-2.13.0.jar;C:\Users\Mali\.m2\repository\org\apache\velocity\velocity-engine-core\2.3\velocity-engine-core-2.3.jar;C:\Users\Mali\.m2\repository\commons-collections\commons-collections\3.2.2\commons-collections-3.2.2.jar;C:\Users\Mali\.m2\repository\joda-time\joda-time\2.10.10\joda-time-2.10.10.jar;C:\Users\Mali\.m2\repository\org\codehaus\plexus\plexus-utils\3.3.0\plexus-utils-3.3.0.jar;C:\Users\Mali\.m2\repository\org\jsoup\jsoup\1.14.2\jsoup-1.14.2.jar;C:\Users\Mali\.m2\repository\com\googlecode\owasp-java-html-sanitizer\owasp-java-html-sanitizer\20211018.2\owasp-java-html-sanitizer-20211018.2.jar;C:\Users\Mali\.m2\repository\commons-configuration\commons-configuration\1.10\commons-configuration-1.10.jar;C:\Users\Mali\.m2\repository\commons-lang\commons-lang\2.6\commons-lang-2.6.jar;C:\Users\Mali\.m2\repository\commons-logging\commons-logging\1.1.1\commons-logging-1.1.1.jar;"/>
    <property name="sun.cpu.endian" value="little"/>
    <property name="user.home" value="C:\Users\Mali"/>
    <property name="user.language" value="en"/>
    <property name="java.specification.vendor" value="Oracle Corporation"/>
    <property name="java.version.date" value="2021-07-20"/>
    <property name="java.home" value="C:\Program Files\Java\jdk-11.0.12"/>
    <property name="file.separator" value="\"/>
    <property name="basedir" value="C:\Users\Mali\IdeaProjects\cucumber-junit-project"/>
    <property name="java.vm.compressedOopsMode" value="Zero based"/>
    <property name="line.separator" value="&#10;"/>
    <property name="java.specification.name" value="Java Platform API Specification"/>
    <property name="java.vm.specification.vendor" value="Oracle Corporation"/>
    <property name="java.awt.graphicsenv" value="sun.awt.Win32GraphicsEnvironment"/>
    <property name="surefire.real.class.path" value="C:\Users\Mali\AppData\Local\Temp\surefire1532950745078049401\surefirebooter11176982441575104145.jar"/>
    <property name="user.script" value=""/>
    <property name="sun.management.compiler" value="HotSpot 64-Bit Tiered Compilers"/>
    <property name="java.runtime.version" value="11.0.12+8-LTS-237"/>
    <property name="user.name" value="Mali"/>
    <property name="path.separator" value=";"/>
    <property name="os.version" value="10.0"/>
    <property name="java.runtime.name" value="Java(TM) SE Runtime Environment"/>
    <property name="file.encoding" value="Cp1252"/>
    <property name="java.vm.name" value="Java HotSpot(TM) 64-Bit Server VM"/>
    <property name="java.vendor.version" value="18.9"/>
    <property name="localRepository" value="C:\Users\Mali\.m2\repository"/>
    <property name="java.vendor.url.bug" value="https://bugreport.java.com/bugreport/"/>
    <property name="java.io.tmpdir" value="C:\Users\Mali\AppData\Local\Temp\"/>
    <property name="idea.version" value="2022.2"/>
    <property name="java.version" value="11.0.12"/>
    <property name="user.dir" value="C:\Users\Mali\IdeaProjects\cucumber-junit-project"/>
    <property name="os.arch" value="amd64"/>
    <property name="java.vm.specification.name" value="Java Virtual Machine Specification"/>
    <property name="java.awt.printerjob" value="sun.awt.windows.WPrinterJob"/>
    <property name="sun.os.patch.level" value=""/>
    <property name="java.library.path" value="C:\Program Files\Java\jdk-11.0.12\bin;C:\Windows\Sun\Java\bin;C:\Windows\system32;C:\Windows;C:\Program Files\Common Files\Oracle\Java\javapath;C:\Windows\system32;C:\Windows;C:\Windows\System32\Wbem;C:\Windows\System32\WindowsPowerShell\v1.0\;C:\Windows\System32\OpenSSH\;C:\Program Files (x86)\Git\cmd;C:\Users\Mali\AppData\Local\Microsoft\WindowsApps;;C:\Users\Mali\AppData\Local\JetBrains\Toolbox\scripts;."/>
    <property name="java.vendor" value="Oracle Corporation"/>
    <property name="java.vm.info" value="mixed mode"/>
    <property name="java.vm.version" value="11.0.12+8-LTS-237"/>
    <property name="sun.io.unicode.encoding" value="UnicodeLittle"/>
    <property name="java.class.version" value="55.0"/>
  </properties>
  <testcase name="User should be able to place order and order seen in web table" classname="Web table user order feature" time="8.027">
    <system-out><![CDATA[
@webtableAppOrder
Scenario: User should be able to place order and order seen in web table &amp#27;[90m# src/test/resources/features/webtableOrder.feature:4&amp#27;[0m
  &amp#27;[32mGiven &amp#27;[0m&amp#27;[32muser is already logged in and on order page&amp#27;[0m                      &amp#27;[90m# com.cydeo.step_definitions.WebTableOrder_StepDefs.user_is_already_logged_in_and_on_order_page()&amp#27;[0m
  &amp#27;[32mWhen &amp#27;[0m&amp#27;[32muser selects product type &amp#27;[0m&amp#27;[32m&amp#27;[1m"Familybea"&amp#27;[0m                             &amp#27;[90m# com.cydeo.step_definitions.WebTableOrder_StepDefs.user_selects_product_type(java.lang.String)&amp#27;[0m
  &amp#27;[32mAnd &amp#27;[0m&amp#27;[32muser enters quantity &amp#27;[0m&amp#27;[32m&amp#27;[1m2&amp#27;[0m                                             &amp#27;[90m# com.cydeo.step_definitions.WebTableOrder_StepDefs.user_enters_quantity(java.lang.Integer)&amp#27;[0m
  &amp#27;[32mAnd &amp#27;[0m&amp#27;[32muser enters customer name &amp#27;[0m&amp#27;[32m&amp#27;[1m"Sherlock Holmes"&amp#27;[0m                        &amp#27;[90m# com.cydeo.step_definitions.WebTableOrder_StepDefs.user_enters_customer_name(java.lang.String)&amp#27;[0m
  &amp#27;[32mAnd &amp#27;[0m&amp#27;[32muser enters street &amp#27;[0m&amp#27;[32m&amp#27;[1m"221B Baker Street"&amp#27;[0m                             &amp#27;[90m# com.cydeo.step_definitions.WebTableOrder_StepDefs.user_enters_street(java.lang.String)&amp#27;[0m
  &amp#27;[32mAnd &amp#27;[0m&amp#27;[32muser enters city &amp#27;[0m&amp#27;[32m&amp#27;[1m"London"&amp#27;[0m                                          &amp#27;[90m# com.cydeo.step_definitions.WebTableOrder_StepDefs.user_enters_city(java.lang.String)&amp#27;[0m
  &amp#27;[32mAnd &amp#27;[0m&amp#27;[32muser enters state &amp#27;[0m&amp#27;[32m&amp#27;[1m"England"&amp#27;[0m                                        &amp#27;[90m# com.cydeo.step_definitions.WebTableOrder_StepDefs.user_enters_state(java.lang.String)&amp#27;[0m
  &amp#27;[32mAnd &amp#27;[0m&amp#27;[32muser enters zipcode &amp#27;[0m&amp#27;[32m&amp#27;[1m"50505"&amp#27;[0m                                        &amp#27;[90m# com.cydeo.step_definitions.WebTableOrder_StepDefs.user_enters_zipcode(java.lang.String)&amp#27;[0m
  &amp#27;[32mAnd &amp#27;[0m&amp#27;[32muser selects credit card type &amp#27;[0m&amp#27;[32m&amp#27;[1m"visa"&amp#27;[0m                               &amp#27;[90m# com.cydeo.step_definitions.WebTableOrder_StepDefs.user_selects_credit_card_type(java.lang.String)&amp#27;[0m
  &amp#27;[32mAnd &amp#27;[0m&amp#27;[32muser enters credit card number &amp#27;[0m&amp#27;[32m&amp#27;[1m"1111222233334444"&amp#27;[0m                  &amp#27;[90m# com.cydeo.step_definitions.WebTableOrder_StepDefs.user_enters_credit_card_number(java.lang.String)&amp#27;[0m
  &amp#27;[32mAnd &amp#27;[0m&amp#27;[32muser enters expiry date &amp#27;[0m&amp#27;[32m&amp#27;[1m"12/23"&amp#27;[0m                                    &amp#27;[90m# com.cydeo.step_definitions.WebTableOrder_StepDefs.user_enters_expiry_date(java.lang.String)&amp#27;[0m
  &amp#27;[32mAnd &amp#27;[0m&amp#27;[32muser enters process order button&amp#27;[0m                                   &amp#27;[90m# com.cydeo.step_definitions.WebTableOrder_StepDefs.user_enters_process_order_button()&amp#27;[0m
  &amp#27;[32mThen &amp#27;[0m&amp#27;[32muser should see &amp#27;[0m&amp#27;[32m&amp#27;[1m"Sherlock Holmes"&amp#27;[0m&amp#27;[32m in first row of the web table&amp#27;[0m   &amp#27;[90m# com.cydeo.step_definitions.WebTableOrder_StepDefs.user_should_see_in_first_row_of_the_web_table(java.lang.String)&amp#27;[0m
]]></system-out>
    <system-err><![CDATA[Starting ChromeDriver 106.0.5249.61 (511755355844955cd3e264779baf0dd38212a4d0-refs/branch-heads/5249@{#569}) on port 35739
Only local connections are allowed.
Please see https://chromedriver.chromium.org/security-considerations for suggestions on keeping ChromeDriver safe.
ChromeDriver was started successfully.
Nov 04, 2022 5:13:19 AM org.openqa.selenium.remote.ProtocolHandshake createSession
INFO: Detected dialect: W3C
Nov 04, 2022 5:13:19 AM org.openqa.selenium.remote.ProtocolHandshake createSession
INFO: Detected dialect: W3C
]]></system-err>
  </testcase>
  <testcase name="User should be able to place order and order seen in web table with using DDT #1" classname="Web table user order feature" time="8.03">
    <system-out><![CDATA[
@webtableAppOrder @femaleScientist
Scenario Template: User should be able to place order and order seen in web table with using DDT &amp#27;[90m# src/test/resources/features/webtableOrder.feature:38&amp#27;[0m
  &amp#27;[32mGiven &amp#27;[0m&amp#27;[32muser is already logged in and on order page&amp#27;[0m                                              &amp#27;[90m# com.cydeo.step_definitions.WebTableOrder_StepDefs.user_is_already_logged_in_and_on_order_page()&amp#27;[0m
  &amp#27;[32mWhen &amp#27;[0m&amp#27;[32muser selects product type &amp#27;[0m&amp#27;[32m&amp#27;[1m"Familybea"&amp#27;[0m                                                     &amp#27;[90m# com.cydeo.step_definitions.WebTableOrder_StepDefs.user_selects_product_type(java.lang.String)&amp#27;[0m
  &amp#27;[32mAnd &amp#27;[0m&amp#27;[32muser enters quantity &amp#27;[0m&amp#27;[32m&amp#27;[1m2&amp#27;[0m                                                                     &amp#27;[90m# com.cydeo.step_definitions.WebTableOrder_StepDefs.user_enters_quantity(java.lang.Integer)&amp#27;[0m
  &amp#27;[32mAnd &amp#27;[0m&amp#27;[32muser enters customer name &amp#27;[0m&amp#27;[32m&amp#27;[1m"Rosalind Franklin"&amp#27;[0m                                              &amp#27;[90m# com.cydeo.step_definitions.WebTableOrder_StepDefs.user_enters_customer_name(java.lang.String)&amp#27;[0m
  &amp#27;[32mAnd &amp#27;[0m&amp#27;[32muser enters street &amp#27;[0m&amp#27;[32m&amp#27;[1m"221B Baker Street"&amp#27;[0m                                                     &amp#27;[90m# com.cydeo.step_definitions.WebTableOrder_StepDefs.user_enters_street(java.lang.String)&amp#27;[0m
  &amp#27;[32mAnd &amp#27;[0m&amp#27;[32muser enters city &amp#27;[0m&amp#27;[32m&amp#27;[1m"London"&amp#27;[0m                                                                  &amp#27;[90m# com.cydeo.step_definitions.WebTableOrder_StepDefs.user_enters_city(java.lang.String)&amp#27;[0m
  &amp#27;[32mAnd &amp#27;[0m&amp#27;[32muser enters state &amp#27;[0m&amp#27;[32m&amp#27;[1m"England"&amp#27;[0m                                                                &amp#27;[90m# com.cydeo.step_definitions.WebTableOrder_StepDefs.user_enters_state(java.lang.String)&amp#27;[0m
  &amp#27;[32mAnd &amp#27;[0m&amp#27;[32muser enters zipcode &amp#27;[0m&amp#27;[32m&amp#27;[1m"50505"&amp#27;[0m                                                                &amp#27;[90m# com.cydeo.step_definitions.WebTableOrder_StepDefs.user_enters_zipcode(java.lang.String)&amp#27;[0m
  &amp#27;[32mAnd &amp#27;[0m&amp#27;[32muser selects credit card type &amp#27;[0m&amp#27;[32m&amp#27;[1m"visa"&amp#27;[0m                                                       &amp#27;[90m# com.cydeo.step_definitions.WebTableOrder_StepDefs.user_selects_credit_card_type(java.lang.String)&amp#27;[0m
  &amp#27;[32mAnd &amp#27;[0m&amp#27;[32muser enters credit card number &amp#27;[0m&amp#27;[32m&amp#27;[1m"1111222233334444"&amp#27;[0m                                          &amp#27;[90m# com.cydeo.step_definitions.WebTableOrder_StepDefs.user_enters_credit_card_number(java.lang.String)&amp#27;[0m
  &amp#27;[32mAnd &amp#27;[0m&amp#27;[32muser enters expiry date &amp#27;[0m&amp#27;[32m&amp#27;[1m"12/23"&amp#27;[0m                                                            &amp#27;[90m# com.cydeo.step_definitions.WebTableOrder_StepDefs.user_enters_expiry_date(java.lang.String)&amp#27;[0m
  &amp#27;[32mAnd &amp#27;[0m&amp#27;[32muser enters process order button&amp#27;[0m                                                           &amp#27;[90m# com.cydeo.step_definitions.WebTableOrder_StepDefs.user_enters_process_order_button()&amp#27;[0m
  &amp#27;[32mThen &amp#27;[0m&amp#27;[32muser should see &amp#27;[0m&amp#27;[32m&amp#27;[1m"Rosalind Franklin"&amp#27;[0m&amp#27;[32m in first row of the web table&amp#27;[0m                         &amp#27;[90m# com.cydeo.step_definitions.WebTableOrder_StepDefs.user_should_see_in_first_row_of_the_web_table(java.lang.String)&amp#27;[0m
]]></system-out>
    <system-err><![CDATA[Starting ChromeDriver 106.0.5249.61 (511755355844955cd3e264779baf0dd38212a4d0-refs/branch-heads/5249@{#569}) on port 17708
Only local connections are allowed.
Please see https://chromedriver.chromium.org/security-considerations for suggestions on keeping ChromeDriver safe.
ChromeDriver was started successfully.
Nov 04, 2022 5:13:26 AM org.openqa.selenium.remote.ProtocolHandshake createSession
INFO: Detected dialect: W3C
]]></system-err>
  </testcase>
  <testcase name="User should be able to place order and order seen in web table with using DDT #2" classname="Web table user order feature" time="15.254">
    <system-out><![CDATA[
@webtableAppOrder @femaleScientist
Scenario Template: User should be able to place order and order seen in web table with using DDT &amp#27;[90m# src/test/resources/features/webtableOrder.feature:39&amp#27;[0m
  &amp#27;[32mGiven &amp#27;[0m&amp#27;[32muser is already logged in and on order page&amp#27;[0m                                              &amp#27;[90m# com.cydeo.step_definitions.WebTableOrder_StepDefs.user_is_already_logged_in_and_on_order_page()&amp#27;[0m
  &amp#27;[32mWhen &amp#27;[0m&amp#27;[32muser selects product type &amp#27;[0m&amp#27;[32m&amp#27;[1m"MoneyCog"&amp#27;[0m                                                      &amp#27;[90m# com.cydeo.step_definitions.WebTableOrder_StepDefs.user_selects_product_type(java.lang.String)&amp#27;[0m
  &amp#27;[32mAnd &amp#27;[0m&amp#27;[32muser enters quantity &amp#27;[0m&amp#27;[32m&amp#27;[1m4&amp#27;[0m                                                                     &amp#27;[90m# com.cydeo.step_definitions.WebTableOrder_StepDefs.user_enters_quantity(java.lang.Integer)&amp#27;[0m
  &amp#27;[32mAnd &amp#27;[0m&amp#27;[32muser enters customer name &amp#27;[0m&amp#27;[32m&amp#27;[1m"Marie Curie"&amp#27;[0m                                                    &amp#27;[90m# com.cydeo.step_definitions.WebTableOrder_StepDefs.user_enters_customer_name(java.lang.String)&amp#27;[0m
  &amp#27;[32mAnd &amp#27;[0m&amp#27;[32muser enters street &amp#27;[0m&amp#27;[32m&amp#27;[1m"221B Baker Street"&amp#27;[0m                                                     &amp#27;[90m# com.cydeo.step_definitions.WebTableOrder_StepDefs.user_enters_street(java.lang.String)&amp#27;[0m
  &amp#27;[32mAnd &amp#27;[0m&amp#27;[32muser enters city &amp#27;[0m&amp#27;[32m&amp#27;[1m"London"&amp#27;[0m                                                                  &amp#27;[90m# com.cydeo.step_definitions.WebTableOrder_StepDefs.user_enters_city(java.lang.String)&amp#27;[0m
  &amp#27;[32mAnd &amp#27;[0m&amp#27;[32muser enters state &amp#27;[0m&amp#27;[32m&amp#27;[1m"England"&amp#27;[0m                                                                &amp#27;[90m# com.cydeo.step_definitions.WebTableOrder_StepDefs.user_enters_state(java.lang.String)&amp#27;[0m
  &amp#27;[32mAnd &amp#27;[0m&amp#27;[32muser enters zipcode &amp#27;[0m&amp#27;[32m&amp#27;[1m"50505"&amp#27;[0m                                                                &amp#27;[90m# com.cydeo.step_definitions.WebTableOrder_StepDefs.user_enters_zipcode(java.lang.String)&amp#27;[0m
  &amp#27;[32mAnd &amp#27;[0m&amp#27;[32muser selects credit card type &amp#27;[0m&amp#27;[32m&amp#27;[1m"visa"&amp#27;[0m                                                       &amp#27;[90m# com.cydeo.step_definitions.WebTableOrder_StepDefs.user_selects_credit_card_type(java.lang.String)&amp#27;[0m
  &amp#27;[32mAnd &amp#27;[0m&amp#27;[32muser enters credit card number &amp#27;[0m&amp#27;[32m&amp#27;[1m"1111222233334444"&amp#27;[0m                                          &amp#27;[90m# com.cydeo.step_definitions.WebTableOrder_StepDefs.user_enters_credit_card_number(java.lang.String)&amp#27;[0m
  &amp#27;[32mAnd &amp#27;[0m&amp#27;[32muser enters expiry date &amp#27;[0m&amp#27;[32m&amp#27;[1m"12/23"&amp#27;[0m                                                            &amp#27;[90m# com.cydeo.step_definitions.WebTableOrder_StepDefs.user_enters_expiry_date(java.lang.String)&amp#27;[0m
  &amp#27;[32mAnd &amp#27;[0m&amp#27;[32muser enters process order button&amp#27;[0m                                                           &amp#27;[90m# com.cydeo.step_definitions.WebTableOrder_StepDefs.user_enters_process_order_button()&amp#27;[0m
  &amp#27;[32mThen &amp#27;[0m&amp#27;[32muser should see &amp#27;[0m&amp#27;[32m&amp#27;[1m"Marie Curie"&amp#27;[0m&amp#27;[32m in first row of the web table&amp#27;[0m                               &amp#27;[90m# com.cydeo.step_definitions.WebTableOrder_StepDefs.user_should_see_in_first_row_of_the_web_table(java.lang.String)&amp#27;[0m
]]></system-out>
    <system-err><![CDATA[Starting ChromeDriver 106.0.5249.61 (511755355844955cd3e264779baf0dd38212a4d0-refs/branch-heads/5249@{#569}) on port 44921
Only local connections are allowed.
Please see https://chromedriver.chromium.org/security-considerations for suggestions on keeping ChromeDriver safe.
ChromeDriver was started successfully.
Nov 04, 2022 5:13:33 AM org.openqa.selenium.remote.ProtocolHandshake createSession
INFO: Detected dialect: W3C
]]></system-err>
  </testcase>
  <testcase name="User should be able to place order and order seen in web table with using DDT #3" classname="Web table user order feature" time="5.751">
    <system-out><![CDATA[
@webtableAppOrder @femaleScientist
Scenario Template: User should be able to place order and order seen in web table with using DDT &amp#27;[90m# src/test/resources/features/webtableOrder.feature:40&amp#27;[0m
  &amp#27;[32mGiven &amp#27;[0m&amp#27;[32muser is already logged in and on order page&amp#27;[0m                                              &amp#27;[90m# com.cydeo.step_definitions.WebTableOrder_StepDefs.user_is_already_logged_in_and_on_order_page()&amp#27;[0m
  &amp#27;[32mWhen &amp#27;[0m&amp#27;[32muser selects product type &amp#27;[0m&amp#27;[32m&amp#27;[1m"Screenable"&amp#27;[0m                                                    &amp#27;[90m# com.cydeo.step_definitions.WebTableOrder_StepDefs.user_selects_product_type(java.lang.String)&amp#27;[0m
  &amp#27;[32mAnd &amp#27;[0m&amp#27;[32muser enters quantity &amp#27;[0m&amp#27;[32m&amp#27;[1m2&amp#27;[0m                                                                     &amp#27;[90m# com.cydeo.step_definitions.WebTableOrder_StepDefs.user_enters_quantity(java.lang.Integer)&amp#27;[0m
  &amp#27;[32mAnd &amp#27;[0m&amp#27;[32muser enters customer name &amp#27;[0m&amp#27;[32m&amp#27;[1m"Rachel Carson"&amp#27;[0m                                                  &amp#27;[90m# com.cydeo.step_definitions.WebTableOrder_StepDefs.user_enters_customer_name(java.lang.String)&amp#27;[0m
  &amp#27;[32mAnd &amp#27;[0m&amp#27;[32muser enters street &amp#27;[0m&amp#27;[32m&amp#27;[1m"221B Baker Street"&amp#27;[0m                                                     &amp#27;[90m# com.cydeo.step_definitions.WebTableOrder_StepDefs.user_enters_street(java.lang.String)&amp#27;[0m
  &amp#27;[32mAnd &amp#27;[0m&amp#27;[32muser enters city &amp#27;[0m&amp#27;[32m&amp#27;[1m"London"&amp#27;[0m                                                                  &amp#27;[90m# com.cydeo.step_definitions.WebTableOrder_StepDefs.user_enters_city(java.lang.String)&amp#27;[0m
  &amp#27;[32mAnd &amp#27;[0m&amp#27;[32muser enters state &amp#27;[0m&amp#27;[32m&amp#27;[1m"England"&amp#27;[0m                                                                &amp#27;[90m# com.cydeo.step_definitions.WebTableOrder_StepDefs.user_enters_state(java.lang.String)&amp#27;[0m
  &amp#27;[32mAnd &amp#27;[0m&amp#27;[32muser enters zipcode &amp#27;[0m&amp#27;[32m&amp#27;[1m"50505"&amp#27;[0m                                                                &amp#27;[90m# com.cydeo.step_definitions.WebTableOrder_StepDefs.user_enters_zipcode(java.lang.String)&amp#27;[0m
  &amp#27;[32mAnd &amp#27;[0m&amp#27;[32muser selects credit card type &amp#27;[0m&amp#27;[32m&amp#27;[1m"visa"&amp#27;[0m                                                       &amp#27;[90m# com.cydeo.step_definitions.WebTableOrder_StepDefs.user_selects_credit_card_type(java.lang.String)&amp#27;[0m
  &amp#27;[32mAnd &amp#27;[0m&amp#27;[32muser enters credit card number &amp#27;[0m&amp#27;[32m&amp#27;[1m"1111222233334444"&amp#27;[0m                                          &amp#27;[90m# com.cydeo.step_definitions.WebTableOrder_StepDefs.user_enters_credit_card_number(java.lang.String)&amp#27;[0m
  &amp#27;[32mAnd &amp#27;[0m&amp#27;[32muser enters expiry date &amp#27;[0m&amp#27;[32m&amp#27;[1m"12/23"&amp#27;[0m                                                            &amp#27;[90m# com.cydeo.step_definitions.WebTableOrder_StepDefs.user_enters_expiry_date(java.lang.String)&amp#27;[0m
  &amp#27;[32mAnd &amp#27;[0m&amp#27;[32muser enters process order button&amp#27;[0m                                                           &amp#27;[90m# com.cydeo.step_definitions.WebTableOrder_StepDefs.user_enters_process_order_button()&amp#27;[0m
  &amp#27;[32mThen &amp#27;[0m&amp#27;[32muser should see &amp#27;[0m&amp#27;[32m&amp#27;[1m"Rachel Carson"&amp#27;[0m&amp#27;[32m in first row of the web table&amp#27;[0m                             &amp#27;[90m# com.cydeo.step_definitions.WebTableOrder_StepDefs.user_should_see_in_first_row_of_the_web_table(java.lang.String)&amp#27;[0m
]]></system-out>
    <system-err><![CDATA[Starting ChromeDriver 106.0.5249.61 (511755355844955cd3e264779baf0dd38212a4d0-refs/branch-heads/5249@{#569}) on port 12796
Only local connections are allowed.
Please see https://chromedriver.chromium.org/security-considerations for suggestions on keeping ChromeDriver safe.
ChromeDriver was started successfully.
Nov 04, 2022 5:13:49 AM org.openqa.selenium.remote.ProtocolHandshake createSession
INFO: Detected dialect: W3C
]]></system-err>
  </testcase>
  <testcase name="User should be able to place order and order seen in web table with using DDT #4" classname="Web table user order feature" time="8.774">
    <system-out><![CDATA[
@webtableAppOrder @femaleScientist
Scenario Template: User should be able to place order and order seen in web table with using DDT &amp#27;[90m# src/test/resources/features/webtableOrder.feature:41&amp#27;[0m
  &amp#27;[32mGiven &amp#27;[0m&amp#27;[32muser is already logged in and on order page&amp#27;[0m                                              &amp#27;[90m# com.cydeo.step_definitions.WebTableOrder_StepDefs.user_is_already_logged_in_and_on_order_page()&amp#27;[0m
  &amp#27;[32mWhen &amp#27;[0m&amp#27;[32muser selects product type &amp#27;[0m&amp#27;[32m&amp#27;[1m"MoneyCog"&amp#27;[0m                                                      &amp#27;[90m# com.cydeo.step_definitions.WebTableOrder_StepDefs.user_selects_product_type(java.lang.String)&amp#27;[0m
  &amp#27;[32mAnd &amp#27;[0m&amp#27;[32muser enters quantity &amp#27;[0m&amp#27;[32m&amp#27;[1m3&amp#27;[0m                                                                     &amp#27;[90m# com.cydeo.step_definitions.WebTableOrder_StepDefs.user_enters_quantity(java.lang.Integer)&amp#27;[0m
  &amp#27;[32mAnd &amp#27;[0m&amp#27;[32muser enters customer name &amp#27;[0m&amp#27;[32m&amp#27;[1m"Katherina Johnson"&amp#27;[0m                                              &amp#27;[90m# com.cydeo.step_definitions.WebTableOrder_StepDefs.user_enters_customer_name(java.lang.String)&amp#27;[0m
  &amp#27;[32mAnd &amp#27;[0m&amp#27;[32muser enters street &amp#27;[0m&amp#27;[32m&amp#27;[1m"221B Baker Street"&amp#27;[0m                                                     &amp#27;[90m# com.cydeo.step_definitions.WebTableOrder_StepDefs.user_enters_street(java.lang.String)&amp#27;[0m
  &amp#27;[32mAnd &amp#27;[0m&amp#27;[32muser enters city &amp#27;[0m&amp#27;[32m&amp#27;[1m"London"&amp#27;[0m                                                                  &amp#27;[90m# com.cydeo.step_definitions.WebTableOrder_StepDefs.user_enters_city(java.lang.String)&amp#27;[0m
  &amp#27;[32mAnd &amp#27;[0m&amp#27;[32muser enters state &amp#27;[0m&amp#27;[32m&amp#27;[1m"England"&amp#27;[0m                                                                &amp#27;[90m# com.cydeo.step_definitions.WebTableOrder_StepDefs.user_enters_state(java.lang.String)&amp#27;[0m
  &amp#27;[32mAnd &amp#27;[0m&amp#27;[32muser enters zipcode &amp#27;[0m&amp#27;[32m&amp#27;[1m"50505"&amp#27;[0m                                                                &amp#27;[90m# com.cydeo.step_definitions.WebTableOrder_StepDefs.user_enters_zipcode(java.lang.String)&amp#27;[0m
  &amp#27;[32mAnd &amp#27;[0m&amp#27;[32muser selects credit card type &amp#27;[0m&amp#27;[32m&amp#27;[1m"visa"&amp#27;[0m                                                       &amp#27;[90m# com.cydeo.step_definitions.WebTableOrder_StepDefs.user_selects_credit_card_type(java.lang.String)&amp#27;[0m
  &amp#27;[32mAnd &amp#27;[0m&amp#27;[32muser enters credit card number &amp#27;[0m&amp#27;[32m&amp#27;[1m"1111222233334444"&amp#27;[0m                                          &amp#27;[90m# com.cydeo.step_definitions.WebTableOrder_StepDefs.user_enters_credit_card_number(java.lang.String)&amp#27;[0m
  &amp#27;[32mAnd &amp#27;[0m&amp#27;[32muser enters expiry date &amp#27;[0m&amp#27;[32m&amp#27;[1m"12/23"&amp#27;[0m                                                            &amp#27;[90m# com.cydeo.step_definitions.WebTableOrder_StepDefs.user_enters_expiry_date(java.lang.String)&amp#27;[0m
  &amp#27;[32mAnd &amp#27;[0m&amp#27;[32muser enters process order button&amp#27;[0m                                                           &amp#27;[90m# com.cydeo.step_definitions.WebTableOrder_StepDefs.user_enters_process_order_button()&amp#27;[0m
  &amp#27;[32mThen &amp#27;[0m&amp#27;[32muser should see &amp#27;[0m&amp#27;[32m&amp#27;[1m"Katherina Johnson"&amp#27;[0m&amp#27;[32m in first row of the web table&amp#27;[0m                         &amp#27;[90m# com.cydeo.step_definitions.WebTableOrder_StepDefs.user_should_see_in_first_row_of_the_web_table(java.lang.String)&amp#27;[0m
]]></system-out>
    <system-err><![CDATA[Starting ChromeDriver 106.0.5249.61 (511755355844955cd3e264779baf0dd38212a4d0-refs/branch-heads/5249@{#569}) on port 22093
Only local connections are allowed.
Please see https://chromedriver.chromium.org/security-considerations for suggestions on keeping ChromeDriver safe.
ChromeDriver was started successfully.
Nov 04, 2022 5:13:54 AM org.openqa.selenium.remote.ProtocolHandshake createSession
INFO: Detected dialect: W3C
]]></system-err>
  </testcase>
  <testcase name="User should be able to place order and order seen in web table with using DDT #5" classname="Web table user order feature" time="22.916">
    <system-out><![CDATA[
@webtableAppOrder @femaleScientist
Scenario Template: User should be able to place order and order seen in web table with using DDT &amp#27;[90m# src/test/resources/features/webtableOrder.feature:42&amp#27;[0m
  &amp#27;[32mGiven &amp#27;[0m&amp#27;[32muser is already logged in and on order page&amp#27;[0m                                              &amp#27;[90m# com.cydeo.step_definitions.WebTableOrder_StepDefs.user_is_already_logged_in_and_on_order_page()&amp#27;[0m
  &amp#27;[32mWhen &amp#27;[0m&amp#27;[32muser selects product type &amp#27;[0m&amp#27;[32m&amp#27;[1m"Familybea"&amp#27;[0m                                                     &amp#27;[90m# com.cydeo.step_definitions.WebTableOrder_StepDefs.user_selects_product_type(java.lang.String)&amp#27;[0m
  &amp#27;[32mAnd &amp#27;[0m&amp#27;[32muser enters quantity &amp#27;[0m&amp#27;[32m&amp#27;[1m1&amp#27;[0m                                                                     &amp#27;[90m# com.cydeo.step_definitions.WebTableOrder_StepDefs.user_enters_quantity(java.lang.Integer)&amp#27;[0m
  &amp#27;[32mAnd &amp#27;[0m&amp#27;[32muser enters customer name &amp#27;[0m&amp#27;[32m&amp#27;[1m"Marry Anning"&amp#27;[0m                                                   &amp#27;[90m# com.cydeo.step_definitions.WebTableOrder_StepDefs.user_enters_customer_name(java.lang.String)&amp#27;[0m
  &amp#27;[32mAnd &amp#27;[0m&amp#27;[32muser enters street &amp#27;[0m&amp#27;[32m&amp#27;[1m"221B Baker Street"&amp#27;[0m                                                     &amp#27;[90m# com.cydeo.step_definitions.WebTableOrder_StepDefs.user_enters_street(java.lang.String)&amp#27;[0m
  &amp#27;[32mAnd &amp#27;[0m&amp#27;[32muser enters city &amp#27;[0m&amp#27;[32m&amp#27;[1m"London"&amp#27;[0m                                                                  &amp#27;[90m# com.cydeo.step_definitions.WebTableOrder_StepDefs.user_enters_city(java.lang.String)&amp#27;[0m
  &amp#27;[32mAnd &amp#27;[0m&amp#27;[32muser enters state &amp#27;[0m&amp#27;[32m&amp#27;[1m"England"&amp#27;[0m                                                                &amp#27;[90m# com.cydeo.step_definitions.WebTableOrder_StepDefs.user_enters_state(java.lang.String)&amp#27;[0m
  &amp#27;[32mAnd &amp#27;[0m&amp#27;[32muser enters zipcode &amp#27;[0m&amp#27;[32m&amp#27;[1m"50505"&amp#27;[0m                                                                &amp#27;[90m# com.cydeo.step_definitions.WebTableOrder_StepDefs.user_enters_zipcode(java.lang.String)&amp#27;[0m
  &amp#27;[32mAnd &amp#27;[0m&amp#27;[32muser selects credit card type &amp#27;[0m&amp#27;[32m&amp#27;[1m"visa"&amp#27;[0m                                                       &amp#27;[90m# com.cydeo.step_definitions.WebTableOrder_StepDefs.user_selects_credit_card_type(java.lang.String)&amp#27;[0m
  &amp#27;[32mAnd &amp#27;[0m&amp#27;[32muser enters credit card number &amp#27;[0m&amp#27;[32m&amp#27;[1m"1111222233334444"&amp#27;[0m                                          &amp#27;[90m# com.cydeo.step_definitions.WebTableOrder_StepDefs.user_enters_credit_card_number(java.lang.String)&amp#27;[0m
  &amp#27;[32mAnd &amp#27;[0m&amp#27;[32muser enters expiry date &amp#27;[0m&amp#27;[32m&amp#27;[1m"12/23"&amp#27;[0m                                                            &amp#27;[90m# com.cydeo.step_definitions.WebTableOrder_StepDefs.user_enters_expiry_date(java.lang.String)&amp#27;[0m
  &amp#27;[32mAnd &amp#27;[0m&amp#27;[32muser enters process order button&amp#27;[0m                                                           &amp#27;[90m# com.cydeo.step_definitions.WebTableOrder_StepDefs.user_enters_process_order_button()&amp#27;[0m
  &amp#27;[32mThen &amp#27;[0m&amp#27;[32muser should see &amp#27;[0m&amp#27;[32m&amp#27;[1m"Marry Anning"&amp#27;[0m&amp#27;[32m in first row of the web table&amp#27;[0m                              &amp#27;[90m# com.cydeo.step_definitions.WebTableOrder_StepDefs.user_should_see_in_first_row_of_the_web_table(java.lang.String)&amp#27;[0m
]]></system-out>
    <system-err><![CDATA[Starting ChromeDriver 106.0.5249.61 (511755355844955cd3e264779baf0dd38212a4d0-refs/branch-heads/5249@{#569}) on port 16062
Only local connections are allowed.
Please see https://chromedriver.chromium.org/security-considerations for suggestions on keeping ChromeDriver safe.
ChromeDriver was started successfully.
Nov 04, 2022 5:14:03 AM org.openqa.selenium.remote.ProtocolHandshake createSession
INFO: Detected dialect: W3C
]]></system-err>
  </testcase>
  <testcase name="User should be able to place order and order seen in web table with using DDT #6" classname="Web table user order feature" time="50.984">
    <system-out><![CDATA[
@webtableAppOrder @femaleScientist
Scenario Template: User should be able to place order and order seen in web table with using DDT &amp#27;[90m# src/test/resources/features/webtableOrder.feature:43&amp#27;[0m
  &amp#27;[32mGiven &amp#27;[0m&amp#27;[32muser is already logged in and on order page&amp#27;[0m                                              &amp#27;[90m# com.cydeo.step_definitions.WebTableOrder_StepDefs.user_is_already_logged_in_and_on_order_page()&amp#27;[0m
  &amp#27;[32mWhen &amp#27;[0m&amp#27;[32muser selects product type &amp#27;[0m&amp#27;[32m&amp#27;[1m"Screenable"&amp#27;[0m                                                    &amp#27;[90m# com.cydeo.step_definitions.WebTableOrder_StepDefs.user_selects_product_type(java.lang.String)&amp#27;[0m
  &amp#27;[32mAnd &amp#27;[0m&amp#27;[32muser enters quantity &amp#27;[0m&amp#27;[32m&amp#27;[1m2&amp#27;[0m                                                                     &amp#27;[90m# com.cydeo.step_definitions.WebTableOrder_StepDefs.user_enters_quantity(java.lang.Integer)&amp#27;[0m
  &amp#27;[32mAnd &amp#27;[0m&amp#27;[32muser enters customer name &amp#27;[0m&amp#27;[32m&amp#27;[1m"Lise Meitner"&amp#27;[0m                                                   &amp#27;[90m# com.cydeo.step_definitions.WebTableOrder_StepDefs.user_enters_customer_name(java.lang.String)&amp#27;[0m
  &amp#27;[32mAnd &amp#27;[0m&amp#27;[32muser enters street &amp#27;[0m&amp#27;[32m&amp#27;[1m"221B Baker Street"&amp#27;[0m                                                     &amp#27;[90m# com.cydeo.step_definitions.WebTableOrder_StepDefs.user_enters_street(java.lang.String)&amp#27;[0m
  &amp#27;[32mAnd &amp#27;[0m&amp#27;[32muser enters city &amp#27;[0m&amp#27;[32m&amp#27;[1m"London"&amp#27;[0m                                                                  &amp#27;[90m# com.cydeo.step_definitions.WebTableOrder_StepDefs.user_enters_city(java.lang.String)&amp#27;[0m
  &amp#27;[32mAnd &amp#27;[0m&amp#27;[32muser enters state &amp#27;[0m&amp#27;[32m&amp#27;[1m"England"&amp#27;[0m                                                                &amp#27;[90m# com.cydeo.step_definitions.WebTableOrder_StepDefs.user_enters_state(java.lang.String)&amp#27;[0m
  &amp#27;[32mAnd &amp#27;[0m&amp#27;[32muser enters zipcode &amp#27;[0m&amp#27;[32m&amp#27;[1m"50505"&amp#27;[0m                                                                &amp#27;[90m# com.cydeo.step_definitions.WebTableOrder_StepDefs.user_enters_zipcode(java.lang.String)&amp#27;[0m
  &amp#27;[32mAnd &amp#27;[0m&amp#27;[32muser selects credit card type &amp#27;[0m&amp#27;[32m&amp#27;[1m"visa"&amp#27;[0m                                                       &amp#27;[90m# com.cydeo.step_definitions.WebTableOrder_StepDefs.user_selects_credit_card_type(java.lang.String)&amp#27;[0m
  &amp#27;[32mAnd &amp#27;[0m&amp#27;[32muser enters credit card number &amp#27;[0m&amp#27;[32m&amp#27;[1m"1111222233334444"&amp#27;[0m                                          &amp#27;[90m# com.cydeo.step_definitions.WebTableOrder_StepDefs.user_enters_credit_card_number(java.lang.String)&amp#27;[0m
  &amp#27;[32mAnd &amp#27;[0m&amp#27;[32muser enters expiry date &amp#27;[0m&amp#27;[32m&amp#27;[1m"12/23"&amp#27;[0m                                                            &amp#27;[90m# com.cydeo.step_definitions.WebTableOrder_StepDefs.user_enters_expiry_date(java.lang.String)&amp#27;[0m
  &amp#27;[32mAnd &amp#27;[0m&amp#27;[32muser enters process order button&amp#27;[0m                                                           &amp#27;[90m# com.cydeo.step_definitions.WebTableOrder_StepDefs.user_enters_process_order_button()&amp#27;[0m
  &amp#27;[32mThen &amp#27;[0m&amp#27;[32muser should see &amp#27;[0m&amp#27;[32m&amp#27;[1m"Lise Meitner"&amp#27;[0m&amp#27;[32m in first row of the web table&amp#27;[0m                              &amp#27;[90m# com.cydeo.step_definitions.WebTableOrder_StepDefs.user_should_see_in_first_row_of_the_web_table(java.lang.String)&amp#27;[0m
]]></system-out>
    <system-err><![CDATA[Starting ChromeDriver 106.0.5249.61 (511755355844955cd3e264779baf0dd38212a4d0-refs/branch-heads/5249@{#569}) on port 47128
Only local connections are allowed.
Please see https://chromedriver.chromium.org/security-considerations for suggestions on keeping ChromeDriver safe.
ChromeDriver was started successfully.
Nov 04, 2022 5:14:26 AM org.openqa.selenium.remote.ProtocolHandshake createSession
INFO: Detected dialect: W3C
]]></system-err>
  </testcase>
  <testcase name="User should be able to place order and order seen in web table with using DDT #7" classname="Web table user order feature" time="8.341">
    <system-out><![CDATA[
@webtableAppOrder @maleScientist
Scenario Template: User should be able to place order and order seen in web table with using DDT &amp#27;[90m# src/test/resources/features/webtableOrder.feature:48&amp#27;[0m
  &amp#27;[32mGiven &amp#27;[0m&amp#27;[32muser is already logged in and on order page&amp#27;[0m                                              &amp#27;[90m# com.cydeo.step_definitions.WebTableOrder_StepDefs.user_is_already_logged_in_and_on_order_page()&amp#27;[0m
  &amp#27;[32mWhen &amp#27;[0m&amp#27;[32muser selects product type &amp#27;[0m&amp#27;[32m&amp#27;[1m"Familybea"&amp#27;[0m                                                     &amp#27;[90m# com.cydeo.step_definitions.WebTableOrder_StepDefs.user_selects_product_type(java.lang.String)&amp#27;[0m
  &amp#27;[32mAnd &amp#27;[0m&amp#27;[32muser enters quantity &amp#27;[0m&amp#27;[32m&amp#27;[1m2&amp#27;[0m                                                                     &amp#27;[90m# com.cydeo.step_definitions.WebTableOrder_StepDefs.user_enters_quantity(java.lang.Integer)&amp#27;[0m
  &amp#27;[32mAnd &amp#27;[0m&amp#27;[32muser enters customer name &amp#27;[0m&amp#27;[32m&amp#27;[1m"Albert Einstein"&amp#27;[0m                                                &amp#27;[90m# com.cydeo.step_definitions.WebTableOrder_StepDefs.user_enters_customer_name(java.lang.String)&amp#27;[0m
  &amp#27;[32mAnd &amp#27;[0m&amp#27;[32muser enters street &amp#27;[0m&amp#27;[32m&amp#27;[1m"21B Baker Street"&amp#27;[0m                                                      &amp#27;[90m# com.cydeo.step_definitions.WebTableOrder_StepDefs.user_enters_street(java.lang.String)&amp#27;[0m
  &amp#27;[32mAnd &amp#27;[0m&amp#27;[32muser enters city &amp#27;[0m&amp#27;[32m&amp#27;[1m"London"&amp#27;[0m                                                                  &amp#27;[90m# com.cydeo.step_definitions.WebTableOrder_StepDefs.user_enters_city(java.lang.String)&amp#27;[0m
  &amp#27;[32mAnd &amp#27;[0m&amp#27;[32muser enters state &amp#27;[0m&amp#27;[32m&amp#27;[1m"England"&amp#27;[0m                                                                &amp#27;[90m# com.cydeo.step_definitions.WebTableOrder_StepDefs.user_enters_state(java.lang.String)&amp#27;[0m
  &amp#27;[32mAnd &amp#27;[0m&amp#27;[32muser enters zipcode &amp#27;[0m&amp#27;[32m&amp#27;[1m"50505"&amp#27;[0m                                                                &amp#27;[90m# com.cydeo.step_definitions.WebTableOrder_StepDefs.user_enters_zipcode(java.lang.String)&amp#27;[0m
  &amp#27;[32mAnd &amp#27;[0m&amp#27;[32muser selects credit card type &amp#27;[0m&amp#27;[32m&amp#27;[1m"visa"&amp#27;[0m                                                       &amp#27;[90m# com.cydeo.step_definitions.WebTableOrder_StepDefs.user_selects_credit_card_type(java.lang.String)&amp#27;[0m
  &amp#27;[32mAnd &amp#27;[0m&amp#27;[32muser enters credit card number &amp#27;[0m&amp#27;[32m&amp#27;[1m"9111222203334440"&amp#27;[0m                                          &amp#27;[90m# com.cydeo.step_definitions.WebTableOrder_StepDefs.user_enters_credit_card_number(java.lang.String)&amp#27;[0m
  &amp#27;[32mAnd &amp#27;[0m&amp#27;[32muser enters expiry date &amp#27;[0m&amp#27;[32m&amp#27;[1m"12/23"&amp#27;[0m                                                            &amp#27;[90m# com.cydeo.step_definitions.WebTableOrder_StepDefs.user_enters_expiry_date(java.lang.String)&amp#27;[0m
  &amp#27;[32mAnd &amp#27;[0m&amp#27;[32muser enters process order button&amp#27;[0m                                                           &amp#27;[90m# com.cydeo.step_definitions.WebTableOrder_StepDefs.user_enters_process_order_button()&amp#27;[0m
  &amp#27;[32mThen &amp#27;[0m&amp#27;[32muser should see &amp#27;[0m&amp#27;[32m&amp#27;[1m"Albert Einstein"&amp#27;[0m&amp#27;[32m in first row of the web table&amp#27;[0m                           &amp#27;[90m# com.cydeo.step_definitions.WebTableOrder_StepDefs.user_should_see_in_first_row_of_the_web_table(java.lang.String)&amp#27;[0m
]]></system-out>
    <system-err><![CDATA[Starting ChromeDriver 106.0.5249.61 (511755355844955cd3e264779baf0dd38212a4d0-refs/branch-heads/5249@{#569}) on port 11324
Only local connections are allowed.
Please see https://chromedriver.chromium.org/security-considerations for suggestions on keeping ChromeDriver safe.
ChromeDriver was started successfully.
Nov 04, 2022 5:15:17 AM org.openqa.selenium.remote.ProtocolHandshake createSession
INFO: Detected dialect: W3C
]]></system-err>
  </testcase>
  <testcase name="User should be able to place order and order seen in web table with using DDT #8" classname="Web table user order feature" time="5.233">
    <system-out><![CDATA[
@webtableAppOrder @maleScientist
Scenario Template: User should be able to place order and order seen in web table with using DDT &amp#27;[90m# src/test/resources/features/webtableOrder.feature:49&amp#27;[0m
  &amp#27;[32mGiven &amp#27;[0m&amp#27;[32muser is already logged in and on order page&amp#27;[0m                                              &amp#27;[90m# com.cydeo.step_definitions.WebTableOrder_StepDefs.user_is_already_logged_in_and_on_order_page()&amp#27;[0m
  &amp#27;[32mWhen &amp#27;[0m&amp#27;[32muser selects product type &amp#27;[0m&amp#27;[32m&amp#27;[1m"MoneyCog"&amp#27;[0m                                                      &amp#27;[90m# com.cydeo.step_definitions.WebTableOrder_StepDefs.user_selects_product_type(java.lang.String)&amp#27;[0m
  &amp#27;[32mAnd &amp#27;[0m&amp#27;[32muser enters quantity &amp#27;[0m&amp#27;[32m&amp#27;[1m4&amp#27;[0m                                                                     &amp#27;[90m# com.cydeo.step_definitions.WebTableOrder_StepDefs.user_enters_quantity(java.lang.Integer)&amp#27;[0m
  &amp#27;[32mAnd &amp#27;[0m&amp#27;[32muser enters customer name &amp#27;[0m&amp#27;[32m&amp#27;[1m"Alfred Nobel"&amp#27;[0m                                                   &amp#27;[90m# com.cydeo.step_definitions.WebTableOrder_StepDefs.user_enters_customer_name(java.lang.String)&amp#27;[0m
  &amp#27;[32mAnd &amp#27;[0m&amp#27;[32muser enters street &amp#27;[0m&amp#27;[32m&amp#27;[1m"223B Austin Street"&amp#27;[0m                                                    &amp#27;[90m# com.cydeo.step_definitions.WebTableOrder_StepDefs.user_enters_street(java.lang.String)&amp#27;[0m
  &amp#27;[32mAnd &amp#27;[0m&amp#27;[32muser enters city &amp#27;[0m&amp#27;[32m&amp#27;[1m"London"&amp#27;[0m                                                                  &amp#27;[90m# com.cydeo.step_definitions.WebTableOrder_StepDefs.user_enters_city(java.lang.String)&amp#27;[0m
  &amp#27;[32mAnd &amp#27;[0m&amp#27;[32muser enters state &amp#27;[0m&amp#27;[32m&amp#27;[1m"England"&amp#27;[0m                                                                &amp#27;[90m# com.cydeo.step_definitions.WebTableOrder_StepDefs.user_enters_state(java.lang.String)&amp#27;[0m
  &amp#27;[32mAnd &amp#27;[0m&amp#27;[32muser enters zipcode &amp#27;[0m&amp#27;[32m&amp#27;[1m"50505"&amp#27;[0m                                                                &amp#27;[90m# com.cydeo.step_definitions.WebTableOrder_StepDefs.user_enters_zipcode(java.lang.String)&amp#27;[0m
  &amp#27;[32mAnd &amp#27;[0m&amp#27;[32muser selects credit card type &amp#27;[0m&amp#27;[32m&amp#27;[1m"visa"&amp#27;[0m                                                       &amp#27;[90m# com.cydeo.step_definitions.WebTableOrder_StepDefs.user_selects_credit_card_type(java.lang.String)&amp#27;[0m
  &amp#27;[32mAnd &amp#27;[0m&amp#27;[32muser enters credit card number &amp#27;[0m&amp#27;[32m&amp#27;[1m"9311222203334441"&amp#27;[0m                                          &amp#27;[90m# com.cydeo.step_definitions.WebTableOrder_StepDefs.user_enters_credit_card_number(java.lang.String)&amp#27;[0m
  &amp#27;[32mAnd &amp#27;[0m&amp#27;[32muser enters expiry date &amp#27;[0m&amp#27;[32m&amp#27;[1m"12/23"&amp#27;[0m                                                            &amp#27;[90m# com.cydeo.step_definitions.WebTableOrder_StepDefs.user_enters_expiry_date(java.lang.String)&amp#27;[0m
  &amp#27;[32mAnd &amp#27;[0m&amp#27;[32muser enters process order button&amp#27;[0m                                                           &amp#27;[90m# com.cydeo.step_definitions.WebTableOrder_StepDefs.user_enters_process_order_button()&amp#27;[0m
  &amp#27;[32mThen &amp#27;[0m&amp#27;[32muser should see &amp#27;[0m&amp#27;[32m&amp#27;[1m"Alfred Nobel"&amp#27;[0m&amp#27;[32m in first row of the web table&amp#27;[0m                              &amp#27;[90m# com.cydeo.step_definitions.WebTableOrder_StepDefs.user_should_see_in_first_row_of_the_web_table(java.lang.String)&amp#27;[0m
]]></system-out>
    <system-err><![CDATA[Starting ChromeDriver 106.0.5249.61 (511755355844955cd3e264779baf0dd38212a4d0-refs/branch-heads/5249@{#569}) on port 21035
Only local connections are allowed.
Please see https://chromedriver.chromium.org/security-considerations for suggestions on keeping ChromeDriver safe.
ChromeDriver was started successfully.
Nov 04, 2022 5:15:25 AM org.openqa.selenium.remote.ProtocolHandshake createSession
INFO: Detected dialect: W3C
]]></system-err>
  </testcase>
  <testcase name="User should be able to place order and order seen in web table with using DDT #9" classname="Web table user order feature" time="5.173">
    <system-out><![CDATA[
@webtableAppOrder @maleScientist
Scenario Template: User should be able to place order and order seen in web table with using DDT &amp#27;[90m# src/test/resources/features/webtableOrder.feature:50&amp#27;[0m
  &amp#27;[32mGiven &amp#27;[0m&amp#27;[32muser is already logged in and on order page&amp#27;[0m                                              &amp#27;[90m# com.cydeo.step_definitions.WebTableOrder_StepDefs.user_is_already_logged_in_and_on_order_page()&amp#27;[0m
  &amp#27;[32mWhen &amp#27;[0m&amp#27;[32muser selects product type &amp#27;[0m&amp#27;[32m&amp#27;[1m"Screenable"&amp#27;[0m                                                    &amp#27;[90m# com.cydeo.step_definitions.WebTableOrder_StepDefs.user_selects_product_type(java.lang.String)&amp#27;[0m
  &amp#27;[32mAnd &amp#27;[0m&amp#27;[32muser enters quantity &amp#27;[0m&amp#27;[32m&amp#27;[1m2&amp#27;[0m                                                                     &amp#27;[90m# com.cydeo.step_definitions.WebTableOrder_StepDefs.user_enters_quantity(java.lang.Integer)&amp#27;[0m
  &amp#27;[32mAnd &amp#27;[0m&amp#27;[32muser enters customer name &amp#27;[0m&amp#27;[32m&amp#27;[1m"Charles Darwin"&amp#27;[0m                                                 &amp#27;[90m# com.cydeo.step_definitions.WebTableOrder_StepDefs.user_enters_customer_name(java.lang.String)&amp#27;[0m
  &amp#27;[32mAnd &amp#27;[0m&amp#27;[32muser enters street &amp#27;[0m&amp#27;[32m&amp#27;[1m"298B Jackson Street"&amp#27;[0m                                                   &amp#27;[90m# com.cydeo.step_definitions.WebTableOrder_StepDefs.user_enters_street(java.lang.String)&amp#27;[0m
  &amp#27;[32mAnd &amp#27;[0m&amp#27;[32muser enters city &amp#27;[0m&amp#27;[32m&amp#27;[1m"London"&amp#27;[0m                                                                  &amp#27;[90m# com.cydeo.step_definitions.WebTableOrder_StepDefs.user_enters_city(java.lang.String)&amp#27;[0m
  &amp#27;[32mAnd &amp#27;[0m&amp#27;[32muser enters state &amp#27;[0m&amp#27;[32m&amp#27;[1m"England"&amp#27;[0m                                                                &amp#27;[90m# com.cydeo.step_definitions.WebTableOrder_StepDefs.user_enters_state(java.lang.String)&amp#27;[0m
  &amp#27;[32mAnd &amp#27;[0m&amp#27;[32muser enters zipcode &amp#27;[0m&amp#27;[32m&amp#27;[1m"50505"&amp#27;[0m                                                                &amp#27;[90m# com.cydeo.step_definitions.WebTableOrder_StepDefs.user_enters_zipcode(java.lang.String)&amp#27;[0m
  &amp#27;[32mAnd &amp#27;[0m&amp#27;[32muser selects credit card type &amp#27;[0m&amp#27;[32m&amp#27;[1m"visa"&amp#27;[0m                                                       &amp#27;[90m# com.cydeo.step_definitions.WebTableOrder_StepDefs.user_selects_credit_card_type(java.lang.String)&amp#27;[0m
  &amp#27;[32mAnd &amp#27;[0m&amp#27;[32muser enters credit card number &amp#27;[0m&amp#27;[32m&amp#27;[1m"9011222203334442"&amp#27;[0m                                          &amp#27;[90m# com.cydeo.step_definitions.WebTableOrder_StepDefs.user_enters_credit_card_number(java.lang.String)&amp#27;[0m
  &amp#27;[32mAnd &amp#27;[0m&amp#27;[32muser enters expiry date &amp#27;[0m&amp#27;[32m&amp#27;[1m"12/23"&amp#27;[0m                                                            &amp#27;[90m# com.cydeo.step_definitions.WebTableOrder_StepDefs.user_enters_expiry_date(java.lang.String)&amp#27;[0m
  &amp#27;[32mAnd &amp#27;[0m&amp#27;[32muser enters process order button&amp#27;[0m                                                           &amp#27;[90m# com.cydeo.step_definitions.WebTableOrder_StepDefs.user_enters_process_order_button()&amp#27;[0m
  &amp#27;[32mThen &amp#27;[0m&amp#27;[32muser should see &amp#27;[0m&amp#27;[32m&amp#27;[1m"Charles Darwin"&amp#27;[0m&amp#27;[32m in first row of the web table&amp#27;[0m                            &amp#27;[90m# com.cydeo.step_definitions.WebTableOrder_StepDefs.user_should_see_in_first_row_of_the_web_table(java.lang.String)&amp#27;[0m
]]></system-out>
    <system-err><![CDATA[Starting ChromeDriver 106.0.5249.61 (511755355844955cd3e264779baf0dd38212a4d0-refs/branch-heads/5249@{#569}) on port 1549
Only local connections are allowed.
Please see https://chromedriver.chromium.org/security-considerations for suggestions on keeping ChromeDriver safe.
ChromeDriver was started successfully.
Nov 04, 2022 5:15:31 AM org.openqa.selenium.remote.ProtocolHandshake createSession
INFO: Detected dialect: W3C
]]></system-err>
  </testcase>
  <testcase name="User should be able to place order and order seen in web table with using DDT #10" classname="Web table user order feature" time="8.187">
    <system-out><![CDATA[
@webtableAppOrder @maleScientist
Scenario Template: User should be able to place order and order seen in web table with using DDT &amp#27;[90m# src/test/resources/features/webtableOrder.feature:51&amp#27;[0m
  &amp#27;[32mGiven &amp#27;[0m&amp#27;[32muser is already logged in and on order page&amp#27;[0m                                              &amp#27;[90m# com.cydeo.step_definitions.WebTableOrder_StepDefs.user_is_already_logged_in_and_on_order_page()&amp#27;[0m
  &amp#27;[32mWhen &amp#27;[0m&amp#27;[32muser selects product type &amp#27;[0m&amp#27;[32m&amp#27;[1m"MoneyCog"&amp#27;[0m                                                      &amp#27;[90m# com.cydeo.step_definitions.WebTableOrder_StepDefs.user_selects_product_type(java.lang.String)&amp#27;[0m
  &amp#27;[32mAnd &amp#27;[0m&amp#27;[32muser enters quantity &amp#27;[0m&amp#27;[32m&amp#27;[1m3&amp#27;[0m                                                                     &amp#27;[90m# com.cydeo.step_definitions.WebTableOrder_StepDefs.user_enters_quantity(java.lang.Integer)&amp#27;[0m
  &amp#27;[32mAnd &amp#27;[0m&amp#27;[32muser enters customer name &amp#27;[0m&amp#27;[32m&amp#27;[1m"Carl Sagan"&amp#27;[0m                                                     &amp#27;[90m# com.cydeo.step_definitions.WebTableOrder_StepDefs.user_enters_customer_name(java.lang.String)&amp#27;[0m
  &amp#27;[32mAnd &amp#27;[0m&amp#27;[32muser enters street &amp#27;[0m&amp#27;[32m&amp#27;[1m"244B Ba Street"&amp#27;[0m                                                        &amp#27;[90m# com.cydeo.step_definitions.WebTableOrder_StepDefs.user_enters_street(java.lang.String)&amp#27;[0m
  &amp#27;[32mAnd &amp#27;[0m&amp#27;[32muser enters city &amp#27;[0m&amp#27;[32m&amp#27;[1m"London"&amp#27;[0m                                                                  &amp#27;[90m# com.cydeo.step_definitions.WebTableOrder_StepDefs.user_enters_city(java.lang.String)&amp#27;[0m
  &amp#27;[32mAnd &amp#27;[0m&amp#27;[32muser enters state &amp#27;[0m&amp#27;[32m&amp#27;[1m"England"&amp#27;[0m                                                                &amp#27;[90m# com.cydeo.step_definitions.WebTableOrder_StepDefs.user_enters_state(java.lang.String)&amp#27;[0m
  &amp#27;[32mAnd &amp#27;[0m&amp#27;[32muser enters zipcode &amp#27;[0m&amp#27;[32m&amp#27;[1m"50505"&amp#27;[0m                                                                &amp#27;[90m# com.cydeo.step_definitions.WebTableOrder_StepDefs.user_enters_zipcode(java.lang.String)&amp#27;[0m
  &amp#27;[32mAnd &amp#27;[0m&amp#27;[32muser selects credit card type &amp#27;[0m&amp#27;[32m&amp#27;[1m"visa"&amp#27;[0m                                                       &amp#27;[90m# com.cydeo.step_definitions.WebTableOrder_StepDefs.user_selects_credit_card_type(java.lang.String)&amp#27;[0m
  &amp#27;[32mAnd &amp#27;[0m&amp#27;[32muser enters credit card number &amp#27;[0m&amp#27;[32m&amp#27;[1m"9811222203334443"&amp#27;[0m                                          &amp#27;[90m# com.cydeo.step_definitions.WebTableOrder_StepDefs.user_enters_credit_card_number(java.lang.String)&amp#27;[0m
  &amp#27;[32mAnd &amp#27;[0m&amp#27;[32muser enters expiry date &amp#27;[0m&amp#27;[32m&amp#27;[1m"12/23"&amp#27;[0m                                                            &amp#27;[90m# com.cydeo.step_definitions.WebTableOrder_StepDefs.user_enters_expiry_date(java.lang.String)&amp#27;[0m
  &amp#27;[32mAnd &amp#27;[0m&amp#27;[32muser enters process order button&amp#27;[0m                                                           &amp#27;[90m# com.cydeo.step_definitions.WebTableOrder_StepDefs.user_enters_process_order_button()&amp#27;[0m
  &amp#27;[32mThen &amp#27;[0m&amp#27;[32muser should see &amp#27;[0m&amp#27;[32m&amp#27;[1m"Carl Sagan"&amp#27;[0m&amp#27;[32m in first row of the web table&amp#27;[0m                                &amp#27;[90m# com.cydeo.step_definitions.WebTableOrder_StepDefs.user_should_see_in_first_row_of_the_web_table(java.lang.String)&amp#27;[0m
]]></system-out>
    <system-err><![CDATA[Starting ChromeDriver 106.0.5249.61 (511755355844955cd3e264779baf0dd38212a4d0-refs/branch-heads/5249@{#569}) on port 30280
Only local connections are allowed.
Please see https://chromedriver.chromium.org/security-considerations for suggestions on keeping ChromeDriver safe.
ChromeDriver was started successfully.
Nov 04, 2022 5:15:36 AM org.openqa.selenium.remote.ProtocolHandshake createSession
INFO: Detected dialect: W3C
]]></system-err>
  </testcase>
  <testcase name="User should be able to place order and order seen in web table with using DDT #11" classname="Web table user order feature" time="5.165">
    <system-out><![CDATA[
@webtableAppOrder @maleScientist
Scenario Template: User should be able to place order and order seen in web table with using DDT &amp#27;[90m# src/test/resources/features/webtableOrder.feature:52&amp#27;[0m
  &amp#27;[32mGiven &amp#27;[0m&amp#27;[32muser is already logged in and on order page&amp#27;[0m                                              &amp#27;[90m# com.cydeo.step_definitions.WebTableOrder_StepDefs.user_is_already_logged_in_and_on_order_page()&amp#27;[0m
  &amp#27;[32mWhen &amp#27;[0m&amp#27;[32muser selects product type &amp#27;[0m&amp#27;[32m&amp#27;[1m"Familybea"&amp#27;[0m                                                     &amp#27;[90m# com.cydeo.step_definitions.WebTableOrder_StepDefs.user_selects_product_type(java.lang.String)&amp#27;[0m
  &amp#27;[32mAnd &amp#27;[0m&amp#27;[32muser enters quantity &amp#27;[0m&amp#27;[32m&amp#27;[1m1&amp#27;[0m                                                                     &amp#27;[90m# com.cydeo.step_definitions.WebTableOrder_StepDefs.user_enters_quantity(java.lang.Integer)&amp#27;[0m
  &amp#27;[32mAnd &amp#27;[0m&amp#27;[32muser enters customer name &amp#27;[0m&amp#27;[32m&amp#27;[1m"Archimedes"&amp#27;[0m                                                     &amp#27;[90m# com.cydeo.step_definitions.WebTableOrder_StepDefs.user_enters_customer_name(java.lang.String)&amp#27;[0m
  &amp#27;[32mAnd &amp#27;[0m&amp#27;[32muser enters street &amp#27;[0m&amp#27;[32m&amp#27;[1m"222B Bride Street"&amp#27;[0m                                                     &amp#27;[90m# com.cydeo.step_definitions.WebTableOrder_StepDefs.user_enters_street(java.lang.String)&amp#27;[0m
  &amp#27;[32mAnd &amp#27;[0m&amp#27;[32muser enters city &amp#27;[0m&amp#27;[32m&amp#27;[1m"London"&amp#27;[0m                                                                  &amp#27;[90m# com.cydeo.step_definitions.WebTableOrder_StepDefs.user_enters_city(java.lang.String)&amp#27;[0m
  &amp#27;[32mAnd &amp#27;[0m&amp#27;[32muser enters state &amp#27;[0m&amp#27;[32m&amp#27;[1m"England"&amp#27;[0m                                                                &amp#27;[90m# com.cydeo.step_definitions.WebTableOrder_StepDefs.user_enters_state(java.lang.String)&amp#27;[0m
  &amp#27;[32mAnd &amp#27;[0m&amp#27;[32muser enters zipcode &amp#27;[0m&amp#27;[32m&amp#27;[1m"50505"&amp#27;[0m                                                                &amp#27;[90m# com.cydeo.step_definitions.WebTableOrder_StepDefs.user_enters_zipcode(java.lang.String)&amp#27;[0m
  &amp#27;[32mAnd &amp#27;[0m&amp#27;[32muser selects credit card type &amp#27;[0m&amp#27;[32m&amp#27;[1m"visa"&amp#27;[0m                                                       &amp#27;[90m# com.cydeo.step_definitions.WebTableOrder_StepDefs.user_selects_credit_card_type(java.lang.String)&amp#27;[0m
  &amp#27;[32mAnd &amp#27;[0m&amp#27;[32muser enters credit card number &amp#27;[0m&amp#27;[32m&amp#27;[1m"9611222203334444"&amp#27;[0m                                          &amp#27;[90m# com.cydeo.step_definitions.WebTableOrder_StepDefs.user_enters_credit_card_number(java.lang.String)&amp#27;[0m
  &amp#27;[32mAnd &amp#27;[0m&amp#27;[32muser enters expiry date &amp#27;[0m&amp#27;[32m&amp#27;[1m"12/23"&amp#27;[0m                                                            &amp#27;[90m# com.cydeo.step_definitions.WebTableOrder_StepDefs.user_enters_expiry_date(java.lang.String)&amp#27;[0m
  &amp#27;[32mAnd &amp#27;[0m&amp#27;[32muser enters process order button&amp#27;[0m                                                           &amp#27;[90m# com.cydeo.step_definitions.WebTableOrder_StepDefs.user_enters_process_order_button()&amp#27;[0m
  &amp#27;[32mThen &amp#27;[0m&amp#27;[32muser should see &amp#27;[0m&amp#27;[32m&amp#27;[1m"Archimedes"&amp#27;[0m&amp#27;[32m in first row of the web table&amp#27;[0m                                &amp#27;[90m# com.cydeo.step_definitions.WebTableOrder_StepDefs.user_should_see_in_first_row_of_the_web_table(java.lang.String)&amp#27;[0m
]]></system-out>
    <system-err><![CDATA[Starting ChromeDriver 106.0.5249.61 (511755355844955cd3e264779baf0dd38212a4d0-refs/branch-heads/5249@{#569}) on port 7451
Only local connections are allowed.
Please see https://chromedriver.chromium.org/security-considerations for suggestions on keeping ChromeDriver safe.
ChromeDriver was started successfully.
Nov 04, 2022 5:15:44 AM org.openqa.selenium.remote.ProtocolHandshake createSession
INFO: Detected dialect: W3C
]]></system-err>
  </testcase>
  <testcase name="User should be able to place order and order seen in web table with using DDT #12" classname="Web table user order feature" time="22.596">
    <system-out><![CDATA[
@webtableAppOrder @maleScientist
Scenario Template: User should be able to place order and order seen in web table with using DDT &amp#27;[90m# src/test/resources/features/webtableOrder.feature:53&amp#27;[0m
  &amp#27;[32mGiven &amp#27;[0m&amp#27;[32muser is already logged in and on order page&amp#27;[0m                                              &amp#27;[90m# com.cydeo.step_definitions.WebTableOrder_StepDefs.user_is_already_logged_in_and_on_order_page()&amp#27;[0m
  &amp#27;[32mWhen &amp#27;[0m&amp#27;[32muser selects product type &amp#27;[0m&amp#27;[32m&amp#27;[1m"Screenable"&amp#27;[0m                                                    &amp#27;[90m# com.cydeo.step_definitions.WebTableOrder_StepDefs.user_selects_product_type(java.lang.String)&amp#27;[0m
  &amp#27;[32mAnd &amp#27;[0m&amp#27;[32muser enters quantity &amp#27;[0m&amp#27;[32m&amp#27;[1m2&amp#27;[0m                                                                     &amp#27;[90m# com.cydeo.step_definitions.WebTableOrder_StepDefs.user_enters_quantity(java.lang.Integer)&amp#27;[0m
  &amp#27;[32mAnd &amp#27;[0m&amp#27;[32muser enters customer name &amp#27;[0m&amp#27;[32m&amp#27;[1m"Alexander Flaming"&amp#27;[0m                                              &amp#27;[90m# com.cydeo.step_definitions.WebTableOrder_StepDefs.user_enters_customer_name(java.lang.String)&amp#27;[0m
  &amp#27;[32mAnd &amp#27;[0m&amp#27;[32muser enters street &amp#27;[0m&amp#27;[32m&amp#27;[1m"2201B Son Street"&amp#27;[0m                                                      &amp#27;[90m# com.cydeo.step_definitions.WebTableOrder_StepDefs.user_enters_street(java.lang.String)&amp#27;[0m
  &amp#27;[32mAnd &amp#27;[0m&amp#27;[32muser enters city &amp#27;[0m&amp#27;[32m&amp#27;[1m"London"&amp#27;[0m                                                                  &amp#27;[90m# com.cydeo.step_definitions.WebTableOrder_StepDefs.user_enters_city(java.lang.String)&amp#27;[0m
  &amp#27;[32mAnd &amp#27;[0m&amp#27;[32muser enters state &amp#27;[0m&amp#27;[32m&amp#27;[1m"England"&amp#27;[0m                                                                &amp#27;[90m# com.cydeo.step_definitions.WebTableOrder_StepDefs.user_enters_state(java.lang.String)&amp#27;[0m
  &amp#27;[32mAnd &amp#27;[0m&amp#27;[32muser enters zipcode &amp#27;[0m&amp#27;[32m&amp#27;[1m"50505"&amp#27;[0m                                                                &amp#27;[90m# com.cydeo.step_definitions.WebTableOrder_StepDefs.user_enters_zipcode(java.lang.String)&amp#27;[0m
  &amp#27;[32mAnd &amp#27;[0m&amp#27;[32muser selects credit card type &amp#27;[0m&amp#27;[32m&amp#27;[1m"visa"&amp#27;[0m                                                       &amp#27;[90m# com.cydeo.step_definitions.WebTableOrder_StepDefs.user_selects_credit_card_type(java.lang.String)&amp#27;[0m
  &amp#27;[32mAnd &amp#27;[0m&amp#27;[32muser enters credit card number &amp#27;[0m&amp#27;[32m&amp#27;[1m"9111222233334445"&amp#27;[0m                                          &amp#27;[90m# com.cydeo.step_definitions.WebTableOrder_StepDefs.user_enters_credit_card_number(java.lang.String)&amp#27;[0m
  &amp#27;[32mAnd &amp#27;[0m&amp#27;[32muser enters expiry date &amp#27;[0m&amp#27;[32m&amp#27;[1m"12/23"&amp#27;[0m                                                            &amp#27;[90m# com.cydeo.step_definitions.WebTableOrder_StepDefs.user_enters_expiry_date(java.lang.String)&amp#27;[0m
  &amp#27;[32mAnd &amp#27;[0m&amp#27;[32muser enters process order button&amp#27;[0m                                                           &amp#27;[90m# com.cydeo.step_definitions.WebTableOrder_StepDefs.user_enters_process_order_button()&amp#27;[0m
  &amp#27;[32mThen &amp#27;[0m&amp#27;[32muser should see &amp#27;[0m&amp#27;[32m&amp#27;[1m"Alexander Flaming"&amp#27;[0m&amp#27;[32m in first row of the web table&amp#27;[0m                         &amp#27;[90m# com.cydeo.step_definitions.WebTableOrder_StepDefs.user_should_see_in_first_row_of_the_web_table(java.lang.String)&amp#27;[0m
]]></system-out>
    <system-err><![CDATA[Starting ChromeDriver 106.0.5249.61 (511755355844955cd3e264779baf0dd38212a4d0-refs/branch-heads/5249@{#569}) on port 11890
Only local connections are allowed.
Please see https://chromedriver.chromium.org/security-considerations for suggestions on keeping ChromeDriver safe.
ChromeDriver was started successfully.
Nov 04, 2022 5:15:49 AM org.openqa.selenium.remote.ProtocolHandshake createSession
INFO: Detected dialect: W3C
]]></system-err>
  </testcase>
</testsuite>